E:\projects\renderPlanes\renderPlanes\x64\Release\cl.command.1.tlog
E:\projects\renderPlanes\renderPlanes\x64\Release\CL.read.1.tlog
E:\projects\renderPlanes\renderPlanes\x64\Release\CL.write.1.tlog
E:\projects\renderPlanes\renderPlanes\x64\Release\link.command.1.tlog
E:\projects\renderPlanes\renderPlanes\x64\Release\link.read.1.tlog
E:\projects\renderPlanes\renderPlanes\x64\Release\link.write.1.tlog
E:\projects\renderPlanes\renderPlanes\x64\Release\link-cvtres.read.1.tlog
E:\projects\renderPlanes\renderPlanes\x64\Release\link-cvtres.write.1.tlog
E:\projects\renderPlanes\renderPlanes\x64\Release\link-rc.read.1.tlog
E:\projects\renderPlanes\renderPlanes\x64\Release\link-rc.write.1.tlog
E:\projects\renderPlanes\renderPlanes\x64\Release\mt.command.1.tlog
E:\projects\renderPlanes\renderPlanes\x64\Release\mt.read.1.tlog
E:\projects\renderPlanes\renderPlanes\x64\Release\mt.write.1.tlog
E:\PROJECTS\RENDERPLANES\RENDERPLANES\X64\RELEASE\RENDERPLANES.EXE.INTERMEDIATE.MANIFEST
E:\PROJECTS\RENDERPLANES\RENDERPLANES\X64\RELEASE\RENDERPLANES.OBJ
E:\projects\renderPlanes\renderPlanes\x64\Release\renderPlanes.vcxprojResolveAssemblyReference.cache
E:\projects\renderPlanes\renderPlanes\x64\Release\renderPlanes.write.1.tlog
E:\PROJECTS\RENDERPLANES\RENDERPLANES\X64\RELEASE\UTILITIES.OBJ
E:\PROJECTS\RENDERPLANES\RENDERPLANES\X64\RELEASE\VC100.PDB
E:\PROJECTS\RENDERPLANES\RENDERPLANES\X64\RELEASE\VC110.PDB
E:\PROJECTS\RENDERPLANES\X64\RELEASE\RENDERPLANES.EXE
E:\PROJECTS\TEXTUREPLANES\X64\RELEASE\RENDERPLANES.EXE
E:\PROJECTS\TEXTUREPLANES\X64\RELEASE\RENDERPLANES.PDB
