C:\Users\pcheng\Documents\plane_mapping\renderPlanes\renderPlanes\x64\Debug\cl.command.1.tlog
C:\Users\pcheng\Documents\plane_mapping\renderPlanes\renderPlanes\x64\Debug\CL.read.1.tlog
C:\Users\pcheng\Documents\plane_mapping\renderPlanes\renderPlanes\x64\Debug\CL.write.1.tlog
C:\Users\pcheng\Documents\plane_mapping\renderPlanes\renderPlanes\x64\Debug\link.1208.read.1.tlog
C:\Users\pcheng\Documents\plane_mapping\renderPlanes\renderPlanes\x64\Debug\link.1208.write.1.tlog
C:\Users\pcheng\Documents\plane_mapping\renderPlanes\renderPlanes\x64\Debug\link.1208-cvtres.read.1.tlog
C:\Users\pcheng\Documents\plane_mapping\renderPlanes\renderPlanes\x64\Debug\link.1208-cvtres.write.1.tlog
C:\Users\pcheng\Documents\plane_mapping\renderPlanes\renderPlanes\x64\Debug\link.7328.read.1.tlog
C:\Users\pcheng\Documents\plane_mapping\renderPlanes\renderPlanes\x64\Debug\link.7328.write.1.tlog
C:\Users\pcheng\Documents\plane_mapping\renderPlanes\renderPlanes\x64\Debug\link.7328-cvtres.read.1.tlog
C:\Users\pcheng\Documents\plane_mapping\renderPlanes\renderPlanes\x64\Debug\link.7328-cvtres.write.1.tlog
C:\Users\pcheng\Documents\plane_mapping\renderPlanes\renderPlanes\x64\Debug\link.command.1.tlog
C:\Users\pcheng\Documents\plane_mapping\renderPlanes\renderPlanes\x64\Debug\link.read.1.tlog
C:\Users\pcheng\Documents\plane_mapping\renderPlanes\renderPlanes\x64\Debug\link.write.1.tlog
C:\Users\pcheng\Documents\plane_mapping\renderPlanes\renderPlanes\x64\Debug\link-cvtres.read.1.tlog
C:\Users\pcheng\Documents\plane_mapping\renderPlanes\renderPlanes\x64\Debug\link-cvtres.write.1.tlog
C:\Users\pcheng\Documents\plane_mapping\renderPlanes\renderPlanes\x64\Debug\mt.command.1.tlog
C:\Users\pcheng\Documents\plane_mapping\renderPlanes\renderPlanes\x64\Debug\mt.read.1.tlog
C:\Users\pcheng\Documents\plane_mapping\renderPlanes\renderPlanes\x64\Debug\mt.write.1.tlog
C:\Users\pcheng\Documents\plane_mapping\renderPlanes\renderPlanes\x64\Debug\rc.command.1.tlog
C:\Users\pcheng\Documents\plane_mapping\renderPlanes\renderPlanes\x64\Debug\rc.read.1.tlog
C:\Users\pcheng\Documents\plane_mapping\renderPlanes\renderPlanes\x64\Debug\rc.write.1.tlog
C:\USERS\PCHENG\DOCUMENTS\PLANE_MAPPING\RENDERPLANES\RENDERPLANES\X64\DEBUG\RENDERPLANES.EXE.EMBED.MANIFEST
C:\USERS\PCHENG\DOCUMENTS\PLANE_MAPPING\RENDERPLANES\RENDERPLANES\X64\DEBUG\RENDERPLANES.EXE.EMBED.MANIFEST.RES
C:\USERS\PCHENG\DOCUMENTS\PLANE_MAPPING\RENDERPLANES\RENDERPLANES\X64\DEBUG\RENDERPLANES.EXE.INTERMEDIATE.MANIFEST
C:\USERS\PCHENG\DOCUMENTS\PLANE_MAPPING\RENDERPLANES\RENDERPLANES\X64\DEBUG\RENDERPLANES.OBJ
C:\Users\pcheng\Documents\plane_mapping\renderPlanes\renderPlanes\x64\Debug\renderPlanes_manifest.rc
C:\USERS\PCHENG\DOCUMENTS\PLANE_MAPPING\RENDERPLANES\RENDERPLANES\X64\DEBUG\UTILITIES.OBJ
C:\Users\pcheng\Documents\plane_mapping\renderPlanes\renderPlanes\x64\Debug\vc100.idb
C:\USERS\PCHENG\DOCUMENTS\PLANE_MAPPING\RENDERPLANES\RENDERPLANES\X64\DEBUG\VC100.PDB
C:\USERS\PCHENG\DOCUMENTS\PLANE_MAPPING\RENDERPLANES\X64\DEBUG\RENDERPLANES.EXE
C:\USERS\PCHENG\DOCUMENTS\PLANE_MAPPING\RENDERPLANES\X64\DEBUG\RENDERPLANES.ILK
C:\USERS\PCHENG\DOCUMENTS\PLANE_MAPPING\RENDERPLANES\X64\DEBUG\RENDERPLANES.PDB
